<?xml version="1.0" encoding="UTF-8"?>
<!-- Generated by org.testng.reporters.JUnitXMLReporter -->
<testsuite ignored="14" hostname="DESKTOP-O88K94K" failures="2" tests="10" name="Test" time="243.594" errors="0" timestamp="2022-03-18T12:34:50 CET">
  <testcase classname="MyStoreProjectP.MyStoreProject.TC_HomePage" name="orderHistoryDetailsTest" time="4.139">
    <failure type="java.lang.AssertionError" message="expected [true] but found [false]">
      <![CDATA[java.lang.AssertionError: expected [true] but found [false]
at MyStoreProjectP.MyStoreProject.TC_HomePage.orderHistoryDetailsTest(TC_HomePage.java:41)
at java.base/java.util.ArrayList.forEach(ArrayList.java:1540)
... Removed 31 stack frames]]>
    </failure>
  </testcase> <!-- orderHistoryDetailsTest -->
  <testcase classname="MyStoreProjectP.MyStoreProject.TC_HomePage" name="wishListTest" time="4.174"/>
  <testcase classname="MyStoreProjectP.MyStoreProject.TC_IndexPage" name="VerifyTitle" time="0.015">
    <failure type="java.lang.AssertionError" message="expected [My Store111] but found [My Store]">
      <![CDATA[java.lang.AssertionError: expected [My Store111] but found [My Store]
at MyStoreProjectP.MyStoreProject.TC_IndexPage.VerifyTitle(TC_IndexPage.java:33)
at java.base/java.util.ArrayList.forEach(ArrayList.java:1540)
... Removed 33 stack frames]]>
    </failure>
  </testcase> <!-- VerifyTitle -->
  <testcase classname="MyStoreProjectP.MyStoreProject.TC_IndexPage" name="verifyLogo" time="0.048"/>
  <testcase classname="MyStoreProjectP.MyStoreProject.TC_LoginPage" name="loginTest" time="5.425"/>
  <testcase classname="MyStoreProjectP.MyStoreProject.TC_AccountCreationPage" name="validateCreateAccountPageTest" time="18.328"/>
  <testcase classname="MyStoreProjectP.MyStoreProject.TC_EndToEnd" name="addToCartTest" time="40.278"/>
  <testcase classname="MyStoreProjectP.MyStoreProject.TC_OrderPage" name="addToCartTest" time="12.042"/>
  <testcase classname="MyStoreProjectP.MyStoreProject.TC_SearchResultPage" name="productAvailabilityTest" time="3.016"/>
  <testcase classname="MyStoreProjectP.MyStoreProject.TC_AddToCartPage" name="addToCartTest" time="15.047"/>
  <testcase classname="com.MyStore.base.BaseClass" name="@AfterSuite afterSuite" time="0.0">
    <ignored/>
  </testcase> <!-- @AfterSuite afterSuite -->
  <testcase classname="com.MyStore.base.BaseClass" name="@BeforeSuite beforeSuite" time="0.0">
    <ignored/>
  </testcase> <!-- @BeforeSuite beforeSuite -->
  <testcase classname="com.MyStore.base.BaseClass" name="@AfterSuite afterSuite" time="0.0">
    <ignored/>
  </testcase> <!-- @AfterSuite afterSuite -->
  <testcase classname="com.MyStore.base.BaseClass" name="@AfterSuite afterSuite" time="0.0">
    <ignored/>
  </testcase> <!-- @AfterSuite afterSuite -->
  <testcase classname="com.MyStore.base.BaseClass" name="@BeforeSuite beforeSuite" time="0.0">
    <ignored/>
  </testcase> <!-- @BeforeSuite beforeSuite -->
  <testcase classname="com.MyStore.base.BaseClass" name="@AfterSuite afterSuite" time="0.0">
    <ignored/>
  </testcase> <!-- @AfterSuite afterSuite -->
  <testcase classname="com.MyStore.base.BaseClass" name="@AfterSuite afterSuite" time="0.0">
    <ignored/>
  </testcase> <!-- @AfterSuite afterSuite -->
  <testcase classname="com.MyStore.base.BaseClass" name="@BeforeSuite beforeSuite" time="0.0">
    <ignored/>
  </testcase> <!-- @BeforeSuite beforeSuite -->
  <testcase classname="com.MyStore.base.BaseClass" name="@BeforeSuite beforeSuite" time="0.0">
    <ignored/>
  </testcase> <!-- @BeforeSuite beforeSuite -->
  <testcase classname="com.MyStore.base.BaseClass" name="@BeforeSuite beforeSuite" time="0.0">
    <ignored/>
  </testcase> <!-- @BeforeSuite beforeSuite -->
  <testcase classname="com.MyStore.base.BaseClass" name="@AfterSuite afterSuite" time="0.0">
    <ignored/>
  </testcase> <!-- @AfterSuite afterSuite -->
  <testcase classname="com.MyStore.base.BaseClass" name="@BeforeSuite beforeSuite" time="0.0">
    <ignored/>
  </testcase> <!-- @BeforeSuite beforeSuite -->
  <testcase classname="com.MyStore.base.BaseClass" name="@BeforeSuite beforeSuite" time="0.0">
    <ignored/>
  </testcase> <!-- @BeforeSuite beforeSuite -->
  <testcase classname="com.MyStore.base.BaseClass" name="@AfterSuite afterSuite" time="0.0">
    <ignored/>
  </testcase> <!-- @AfterSuite afterSuite -->
</testsuite> <!-- Test -->
